<?xml version="1.0" encoding="UTF-8"?>
<!-- Generated by org.testng.reporters.JUnitXMLReporter -->
<testsuite hostname="abc-PC" name="Default test" tests="7" failures="0" timestamp="11 Sep 2020 04:58:54 GMT" time="3.641" errors="0">
  <testcase name="test_DashBoardTitle" time="0.063" classname="com.jbk.test.DashBoradPage_Test"/>
  <testcase name="test_LogoutText" time="0.086" classname="com.jbk.test.DashBoradPage_Test"/>
  <testcase name="test_PageHeaderPageText" time="0.045" classname="com.jbk.test.DashBoradPage_Test"/>
  <testcase name="test_CoursesHeaders" time="0.683" classname="com.jbk.test.DashBoradPage_Test"/>
  <testcase name="test_NumberOfCourses" time="0.034" classname="com.jbk.test.DashBoradPage_Test"/>
  <testcase name="test_AllCoursesLinks" time="0.85" classname="com.jbk.test.DashBoradPage_Test"/>
  <testcase name="test_CoursesNames" time="0.52" classname="com.jbk.test.DashBoradPage_Test"/>
</testsuite> <!-- Default test -->
